TOTAL 0 ROUND PLAYED
STEP 0 SMART_O {'O': 844, 'X': 42, '=': 114}
STEP 0 SMART_X {'O': 4, 'X': 964, '=': 32}
STEP 0 SMART_OX 842537106 WINNER =
STEP 10000 SMART_O {'O': 871, 'X': 26, '=': 103}
STEP 10000 SMART_X {'O': 0, 'X': 979, '=': 21}
STEP 10000 SMART_OX 403526817 WINNER =
STEP 20000 SMART_O {'O': 866, 'X': 22, '=': 112}
STEP 20000 SMART_X {'O': 0, 'X': 978, '=': 22}
STEP 20000 SMART_OX 463517802 WINNER =
STEP 30000 SMART_O {'O': 879, 'X': 2, '=': 119}
STEP 30000 SMART_X {'O': 0, 'X': 978, '=': 22}
STEP 30000 SMART_OX 428017356 WINNER =
STEP 40000 SMART_O {'O': 880, 'X': 3, '=': 117}
STEP 40000 SMART_X {'O': 0, 'X': 974, '=': 26}
STEP 40000 SMART_OX 427108536 WINNER =
STEP 50000 SMART_O {'O': 860, 'X': 26, '=': 114}
STEP 50000 SMART_X {'O': 0, 'X': 967, '=': 33}
STEP 50000 SMART_OX 410826735 WINNER =
STEP 60000 SMART_O {'O': 836, 'X': 40, '=': 124}
STEP 60000 SMART_X {'O': 0, 'X': 966, '=': 34}
STEP 60000 SMART_OX 431780625 WINNER =
STEP 70000 SMART_O {'O': 861, 'X': 23, '=': 116}
STEP 70000 SMART_X {'O': 0, 'X': 984, '=': 16}
STEP 70000 SMART_OX 4126805 WINNER X
---+---+----
 O | O | X |
---+---+----
   | X | X |
---+---+----
 O |   | X |
---+---+----
-------------------------------
STEP 80000 SMART_O {'O': 859, 'X': 14, '=': 127}
STEP 80000 SMART_X {'O': 0, 'X': 977, '=': 23}
STEP 80000 SMART_OX 425308167 WINNER =
STEP 90000 SMART_O {'O': 858, 'X': 12, '=': 130}
STEP 90000 SMART_X {'O': 5, 'X': 972, '=': 23}
STEP 90000 SMART_OX 467135082 WINNER =
STEP 100000 SMART_O {'O': 827, 'X': 21, '=': 152}
STEP 100000 SMART_X {'O': 0, 'X': 975, '=': 25}
STEP 100000 SMART_OX 460871235 WINNER =
STEP 110000 SMART_O {'O': 863, 'X': 23, '=': 114}
STEP 110000 SMART_X {'O': 0, 'X': 969, '=': 31}
STEP 110000 SMART_OX 403526817 WINNER =
STEP 120000 SMART_O {'O': 863, 'X': 25, '=': 112}
STEP 120000 SMART_X {'O': 0, 'X': 978, '=': 22}
STEP 120000 SMART_OX 4135028 WINNER X
---+---+----
 X | O | O |
---+---+----
 X | X | O |
---+---+----
   |   | X |
---+---+----
-------------------------------
STEP 130000 SMART_O {'O': 855, 'X': 9, '=': 136}
STEP 130000 SMART_X {'O': 0, 'X': 964, '=': 36}
STEP 130000 SMART_OX 8025647 WINNER X
---+---+----
 O |   | X |
---+---+----
   | O | O |
---+---+----
 X | X | X |
---+---+----
-------------------------------
STEP 140000 SMART_O {'O': 867, 'X': 18, '=': 115}
STEP 140000 SMART_X {'O': 0, 'X': 981, '=': 19}
STEP 140000 SMART_OX 463580127 WINNER =
STEP 150000 SMART_O {'O': 862, 'X': 19, '=': 119}
STEP 150000 SMART_X {'O': 0, 'X': 971, '=': 29}
STEP 150000 SMART_OX 460871235 WINNER =
STEP 160000 SMART_O {'O': 850, 'X': 29, '=': 121}
STEP 160000 SMART_X {'O': 0, 'X': 987, '=': 13}
STEP 160000 SMART_OX 487153026 WINNER =
STEP 170000 SMART_O {'O': 830, 'X': 22, '=': 148}
STEP 170000 SMART_X {'O': 0, 'X': 975, '=': 25}
STEP 170000 SMART_OX 487126035 WINNER =
STEP 180000 SMART_O {'O': 883, 'X': 18, '=': 99}
STEP 180000 SMART_X {'O': 2, 'X': 972, '=': 26}
STEP 180000 SMART_OX 4780265 WINNER X
---+---+----
 O |   | X |
---+---+----
   | X | X |
---+---+----
 O | O | X |
---+---+----
-------------------------------
STEP 190000 SMART_O {'O': 890, 'X': 14, '=': 96}
STEP 190000 SMART_X {'O': 0, 'X': 979, '=': 21}
STEP 190000 SMART_OX 487126035 WINNER =
STEP 200000 SMART_O {'O': 897, 'X': 14, '=': 89}
STEP 200000 SMART_X {'O': 0, 'X': 966, '=': 34}
STEP 200000 SMART_OX 465308712 WINNER =
STEP 210000 SMART_O {'O': 869, 'X': 20, '=': 111}
STEP 210000 SMART_X {'O': 0, 'X': 975, '=': 25}
STEP 210000 SMART_OX 487126035 WINNER =
STEP 220000 SMART_O {'O': 838, 'X': 17, '=': 145}
STEP 220000 SMART_X {'O': 0, 'X': 979, '=': 21}
STEP 220000 SMART_OX 421780356 WINNER =
STEP 230000 SMART_O {'O': 845, 'X': 13, '=': 142}
STEP 230000 SMART_X {'O': 0, 'X': 981, '=': 19}
STEP 230000 SMART_OX 403526817 WINNER =
STEP 240000 SMART_O {'O': 854, 'X': 22, '=': 124}
STEP 240000 SMART_X {'O': 0, 'X': 982, '=': 18}
STEP 240000 SMART_OX 401762835 WINNER =
STEP 250000 SMART_O {'O': 870, 'X': 17, '=': 113}
STEP 250000 SMART_X {'O': 0, 'X': 985, '=': 15}
STEP 250000 SMART_OX 407126385 WINNER =
STEP 260000 SMART_O {'O': 817, 'X': 50, '=': 133}
STEP 260000 SMART_X {'O': 0, 'X': 979, '=': 21}
STEP 260000 SMART_OX 4108623 WINNER X
---+---+----
 X | O | O |
---+---+----
 X | X |   |
---+---+----
 X |   | O |
---+---+----
-------------------------------
STEP 270000 SMART_O {'O': 871, 'X': 17, '=': 112}
STEP 270000 SMART_X {'O': 0, 'X': 970, '=': 30}
STEP 270000 SMART_OX 485362017 WINNER =
STEP 280000 SMART_O {'O': 848, 'X': 28, '=': 124}
STEP 280000 SMART_X {'O': 0, 'X': 979, '=': 21}
STEP 280000 SMART_OX 4362807 WINNER X
---+---+----
 O |   | O |
---+---+----
 O | X |   |
---+---+----
 X | X | X |
---+---+----
-------------------------------
STEP 290000 SMART_O {'O': 869, 'X': 20, '=': 111}
STEP 290000 SMART_X {'O': 0, 'X': 977, '=': 23}
STEP 290000 SMART_OX 486253017 WINNER =
STEP 300000 SMART_O {'O': 845, 'X': 18, '=': 137}
STEP 300000 SMART_X {'O': 0, 'X': 978, '=': 22}
STEP 300000 SMART_OX 4526078 WINNER X
---+---+----
 X |   | X |
---+---+----
   | X | O |
---+---+----
 O | O | X |
---+---+----
-------------------------------
STEP 310000 SMART_O {'O': 865, 'X': 17, '=': 118}
STEP 310000 SMART_X {'O': 0, 'X': 978, '=': 22}
STEP 310000 SMART_OX 486253017 WINNER =
STEP 320000 SMART_O {'O': 881, 'X': 17, '=': 102}
STEP 320000 SMART_X {'O': 0, 'X': 970, '=': 30}
STEP 320000 SMART_OX 485362017 WINNER =
STEP 330000 SMART_O {'O': 882, 'X': 13, '=': 105}
STEP 330000 SMART_X {'O': 0, 'X': 978, '=': 22}
STEP 330000 SMART_OX 461780325 WINNER =
STEP 340000 SMART_O {'O': 825, 'X': 35, '=': 140}
STEP 340000 SMART_X {'O': 0, 'X': 968, '=': 32}
STEP 340000 SMART_OX 4126850 WINNER X
---+---+----
 X | O | X |
---+---+----
   | X | O |
---+---+----
 O |   | X |
---+---+----
-------------------------------
STEP 350000 SMART_O {'O': 833, 'X': 29, '=': 138}
STEP 350000 SMART_X {'O': 0, 'X': 989, '=': 11}
STEP 350000 SMART_OX 245801736 WINNER =
STEP 360000 SMART_O {'O': 867, 'X': 18, '=': 115}
STEP 360000 SMART_X {'O': 0, 'X': 979, '=': 21}
STEP 360000 SMART_OX 420853167 WINNER =
STEP 370000 SMART_O {'O': 844, 'X': 25, '=': 131}
STEP 370000 SMART_X {'O': 0, 'X': 975, '=': 25}
STEP 370000 SMART_OX 402635817 WINNER =
STEP 380000 SMART_O {'O': 837, 'X': 13, '=': 150}
STEP 380000 SMART_X {'O': 0, 'X': 980, '=': 20}
STEP 380000 SMART_OX 486253017 WINNER =
STEP 390000 SMART_O {'O': 912, 'X': 10, '=': 78}
STEP 390000 SMART_X {'O': 0, 'X': 978, '=': 22}
STEP 390000 SMART_OX 428017356 WINNER =
STEP 400000 SMART_O {'O': 865, 'X': 23, '=': 112}
STEP 400000 SMART_X {'O': 4, 'X': 977, '=': 19}
STEP 400000 SMART_OX 4526081 WINNER X
---+---+----
 X | X | X |
---+---+----
   | X | O |
---+---+----
 O |   | O |
---+---+----
-------------------------------
STEP 410000 SMART_O {'O': 866, 'X': 20, '=': 114}
STEP 410000 SMART_X {'O': 1, 'X': 973, '=': 26}
STEP 410000 SMART_OX 403526817 WINNER =
STEP 420000 SMART_O {'O': 852, 'X': 34, '=': 114}
STEP 420000 SMART_X {'O': 0, 'X': 978, '=': 22}
STEP 420000 SMART_OX 487126035 WINNER =
STEP 430000 SMART_O {'O': 859, 'X': 21, '=': 120}
STEP 430000 SMART_X {'O': 0, 'X': 976, '=': 24}
STEP 430000 SMART_OX 48563 WINNER X
---+---+----
   |   |   |
---+---+----
 X | X | X |
---+---+----
 O |   | O |
---+---+----
-------------------------------
STEP 440000 SMART_O {'O': 857, 'X': 25, '=': 118}
STEP 440000 SMART_X {'O': 0, 'X': 982, '=': 18}
STEP 440000 SMART_OX 485371026 WINNER =
STEP 450000 SMART_O {'O': 877, 'X': 17, '=': 106}
STEP 450000 SMART_X {'O': 0, 'X': 972, '=': 28}
STEP 450000 SMART_OX 463571082 WINNER =
STEP 460000 SMART_O {'O': 891, 'X': 11, '=': 98}
STEP 460000 SMART_X {'O': 0, 'X': 982, '=': 18}
STEP 460000 SMART_OX 485371026 WINNER =
STEP 470000 SMART_O {'O': 908, 'X': 10, '=': 82}
STEP 470000 SMART_X {'O': 5, 'X': 974, '=': 21}
STEP 470000 SMART_OX 485362017 WINNER =
STEP 480000 SMART_O {'O': 851, 'X': 27, '=': 122}
STEP 480000 SMART_X {'O': 0, 'X': 968, '=': 32}
STEP 480000 SMART_OX 468035127 WINNER =
STEP 490000 SMART_O {'O': 880, 'X': 21, '=': 99}
STEP 490000 SMART_X {'O': 0, 'X': 980, '=': 20}
STEP 490000 SMART_OX 485362017 WINNER =
STEP 500000 SMART_O {'O': 867, 'X': 28, '=': 105}
STEP 500000 SMART_X {'O': 0, 'X': 966, '=': 34}
STEP 500000 SMART_OX 421753086 WINNER =
STEP 510000 SMART_O {'O': 851, 'X': 30, '=': 119}
STEP 510000 SMART_X {'O': 0, 'X': 981, '=': 19}
STEP 510000 SMART_OX 467135082 WINNER =
STEP 520000 SMART_O {'O': 858, 'X': 16, '=': 126}
STEP 520000 SMART_X {'O': 0, 'X': 987, '=': 13}
STEP 520000 SMART_OX 482671035 WINNER =
STEP 530000 SMART_O {'O': 857, 'X': 34, '=': 109}
STEP 530000 SMART_X {'O': 0, 'X': 980, '=': 20}
STEP 530000 SMART_OX 4580632 WINNER X
---+---+----
 O |   | X |
---+---+----
 O | X | O |
---+---+----
 X |   | X |
---+---+----
-------------------------------
STEP 540000 SMART_O {'O': 813, 'X': 38, '=': 149}
STEP 540000 SMART_X {'O': 6, 'X': 967, '=': 27}
STEP 540000 SMART_OX 0621854 WINNER X
---+---+----
 X | O | X |
---+---+----
   | X | O |
---+---+----
 O |   | X |
---+---+----
-------------------------------
STEP 550000 SMART_O {'O': 807, 'X': 18, '=': 175}
STEP 550000 SMART_X {'O': 0, 'X': 974, '=': 26}
STEP 550000 SMART_OX 460871235 WINNER =
STEP 560000 SMART_O {'O': 822, 'X': 36, '=': 142}
STEP 560000 SMART_X {'O': 0, 'X': 973, '=': 27}
STEP 560000 SMART_OX 402635817 WINNER =
STEP 570000 SMART_O {'O': 841, 'X': 44, '=': 115}
STEP 570000 SMART_X {'O': 0, 'X': 980, '=': 20}
STEP 570000 SMART_OX 40315 WINNER X
---+---+----
 O | O |   |
---+---+----
 X | X | X |
---+---+----
   |   |   |
---+---+----
-------------------------------
STEP 580000 SMART_O {'O': 878, 'X': 22, '=': 100}
STEP 580000 SMART_X {'O': 0, 'X': 973, '=': 27}
STEP 580000 SMART_OX 467135082 WINNER =
STEP 590000 SMART_O {'O': 906, 'X': 14, '=': 80}
STEP 590000 SMART_X {'O': 0, 'X': 967, '=': 33}
STEP 590000 SMART_OX 420853167 WINNER =
STEP 600000 SMART_O {'O': 835, 'X': 15, '=': 150}
STEP 600000 SMART_X {'O': 0, 'X': 979, '=': 21}
STEP 600000 SMART_OX 421753086 WINNER =
STEP 610000 SMART_O {'O': 856, 'X': 8, '=': 136}
STEP 610000 SMART_X {'O': 0, 'X': 979, '=': 21}
STEP 610000 SMART_OX 406217835 WINNER =
STEP 620000 SMART_O {'O': 862, 'X': 29, '=': 109}
STEP 620000 SMART_X {'O': 0, 'X': 982, '=': 18}
STEP 620000 SMART_OX 4126830 WINNER X
---+---+----
 X | O | X |
---+---+----
 O | X |   |
---+---+----
 O |   | X |
---+---+----
-------------------------------
STEP 630000 SMART_O {'O': 826, 'X': 25, '=': 149}
STEP 630000 SMART_X {'O': 0, 'X': 971, '=': 29}
STEP 630000 SMART_OX 403526817 WINNER =
STEP 640000 SMART_O {'O': 878, 'X': 22, '=': 100}
STEP 640000 SMART_X {'O': 0, 'X': 976, '=': 24}
STEP 640000 SMART_OX 487153026 WINNER =
STEP 650000 SMART_O {'O': 874, 'X': 29, '=': 97}
STEP 650000 SMART_X {'O': 0, 'X': 978, '=': 22}
STEP 650000 SMART_OX 4780235 WINNER X
---+---+----
 O |   | X |
---+---+----
 O | X | X |
---+---+----
   | O | X |
---+---+----
-------------------------------
STEP 660000 SMART_O {'O': 862, 'X': 18, '=': 120}
STEP 660000 SMART_X {'O': 0, 'X': 980, '=': 20}
STEP 660000 SMART_OX 465308712 WINNER =
STEP 670000 SMART_O {'O': 890, 'X': 17, '=': 93}
STEP 670000 SMART_X {'O': 0, 'X': 983, '=': 17}
STEP 670000 SMART_OX 406217835 WINNER =
STEP 680000 SMART_O {'O': 863, 'X': 18, '=': 119}
STEP 680000 SMART_X {'O': 0, 'X': 976, '=': 24}
STEP 680000 SMART_OX 406217835 WINNER =
STEP 690000 SMART_O {'O': 876, 'X': 6, '=': 118}
STEP 690000 SMART_X {'O': 0, 'X': 976, '=': 24}
STEP 690000 SMART_OX 425308167 WINNER =
STEP 700000 SMART_O {'O': 856, 'X': 19, '=': 125}
STEP 700000 SMART_X {'O': 5, 'X': 975, '=': 20}
STEP 700000 SMART_OX 487126035 WINNER =
STEP 710000 SMART_O {'O': 834, 'X': 26, '=': 140}
STEP 710000 SMART_X {'O': 0, 'X': 985, '=': 15}
STEP 710000 SMART_OX 427108536 WINNER =
STEP 720000 SMART_O {'O': 893, 'X': 4, '=': 103}
STEP 720000 SMART_X {'O': 0, 'X': 983, '=': 17}
STEP 720000 SMART_OX 460871235 WINNER =
STEP 730000 SMART_O {'O': 841, 'X': 35, '=': 124}
STEP 730000 SMART_X {'O': 0, 'X': 983, '=': 17}
STEP 730000 SMART_OX 4526170 WINNER X
---+---+----
 X | X | X |
---+---+----
   | X | O |
---+---+----
 O | O |   |
---+---+----
-------------------------------
STEP 740000 SMART_O {'O': 801, 'X': 36, '=': 163}
STEP 740000 SMART_X {'O': 0, 'X': 981, '=': 19}
STEP 740000 SMART_OX 487126035 WINNER =
STEP 750000 SMART_O {'O': 825, 'X': 29, '=': 146}
STEP 750000 SMART_X {'O': 0, 'X': 982, '=': 18}
STEP 750000 SMART_OX 428017356 WINNER =
STEP 760000 SMART_O {'O': 863, 'X': 22, '=': 115}
STEP 760000 SMART_X {'O': 2, 'X': 984, '=': 14}
STEP 760000 SMART_OX 463571082 WINNER =
STEP 770000 SMART_O {'O': 841, 'X': 44, '=': 115}
STEP 770000 SMART_X {'O': 0, 'X': 985, '=': 15}
STEP 770000 SMART_OX 4580627 WINNER X
---+---+----
 O |   | O |
---+---+----
   | X | O |
---+---+----
 X | X | X |
---+---+----
-------------------------------
STEP 780000 SMART_O {'O': 851, 'X': 21, '=': 128}
STEP 780000 SMART_X {'O': 0, 'X': 994, '=': 6}
STEP 780000 SMART_OX 043621785 WINNER =
STEP 790000 SMART_O {'O': 854, 'X': 20, '=': 126}
STEP 790000 SMART_X {'O': 0, 'X': 979, '=': 21}
STEP 790000 SMART_OX 482671035 WINNER =
STEP 800000 SMART_O {'O': 867, 'X': 27, '=': 106}
STEP 800000 SMART_X {'O': 0, 'X': 986, '=': 14}
STEP 800000 SMART_OX 4580721 WINNER X
---+---+----
 O | X | O |
---+---+----
   | X | O |
---+---+----
   | X | X |
---+---+----
-------------------------------
STEP 810000 SMART_O {'O': 863, 'X': 28, '=': 109}
STEP 810000 SMART_X {'O': 0, 'X': 980, '=': 20}
STEP 810000 SMART_OX 4362781 WINNER X
---+---+----
   | X | O |
---+---+----
 O | X |   |
---+---+----
 X | X | O |
---+---+----
-------------------------------
STEP 820000 SMART_O {'O': 838, 'X': 21, '=': 141}
STEP 820000 SMART_X {'O': 0, 'X': 974, '=': 26}
STEP 820000 SMART_OX 463571082 WINNER =
STEP 830000 SMART_O {'O': 856, 'X': 17, '=': 127}
STEP 830000 SMART_X {'O': 0, 'X': 976, '=': 24}
STEP 830000 SMART_OX 403526817 WINNER =
STEP 840000 SMART_O {'O': 865, 'X': 34, '=': 101}
STEP 840000 SMART_X {'O': 0, 'X': 980, '=': 20}
STEP 840000 SMART_OX 4526018 WINNER X
---+---+----
 X | O | X |
---+---+----
   | X | O |
---+---+----
 O |   | X |
---+---+----
-------------------------------
STEP 850000 SMART_O {'O': 822, 'X': 18, '=': 160}
STEP 850000 SMART_X {'O': 0, 'X': 982, '=': 18}
STEP 850000 SMART_OX 425317086 WINNER =
STEP 860000 SMART_O {'O': 858, 'X': 8, '=': 134}
STEP 860000 SMART_X {'O': 0, 'X': 974, '=': 26}
STEP 860000 SMART_OX 460871235 WINNER =
STEP 870000 SMART_O {'O': 861, 'X': 16, '=': 123}
STEP 870000 SMART_X {'O': 0, 'X': 976, '=': 24}
STEP 870000 SMART_OX 468035127 WINNER =
STEP 880000 SMART_O {'O': 869, 'X': 10, '=': 121}
STEP 880000 SMART_X {'O': 0, 'X': 973, '=': 27}
STEP 880000 SMART_OX 425308167 WINNER =
STEP 890000 SMART_O {'O': 878, 'X': 17, '=': 105}
STEP 890000 SMART_X {'O': 0, 'X': 957, '=': 43}
STEP 890000 SMART_OX 486253017 WINNER =
STEP 900000 SMART_O {'O': 871, 'X': 6, '=': 123}
STEP 900000 SMART_X {'O': 0, 'X': 978, '=': 22}
STEP 900000 SMART_OX 403526817 WINNER =
STEP 910000 SMART_O {'O': 891, 'X': 15, '=': 94}
STEP 910000 SMART_X {'O': 0, 'X': 971, '=': 29}
STEP 910000 SMART_OX 846715302 WINNER =
STEP 920000 SMART_O {'O': 867, 'X': 39, '=': 94}
STEP 920000 SMART_X {'O': 0, 'X': 984, '=': 16}
STEP 920000 SMART_OX 425308167 WINNER =
STEP 930000 SMART_O {'O': 848, 'X': 39, '=': 113}
STEP 930000 SMART_X {'O': 0, 'X': 977, '=': 23}
STEP 930000 SMART_OX 4753820 WINNER X
---+---+----
 X |   | O |
---+---+----
 O | X | X |
---+---+----
   | O | X |
---+---+----
-------------------------------
STEP 940000 SMART_O {'O': 884, 'X': 17, '=': 99}
STEP 940000 SMART_X {'O': 0, 'X': 982, '=': 18}
STEP 940000 SMART_OX 428017356 WINNER =
STEP 950000 SMART_O {'O': 837, 'X': 32, '=': 131}
STEP 950000 SMART_X {'O': 1, 'X': 954, '=': 45}
STEP 950000 SMART_OX 83657 WINNER X
---+---+----
   |   |   |
---+---+----
 O |   | O |
---+---+----
 X | X | X |
---+---+----
-------------------------------
STEP 960000 SMART_O {'O': 874, 'X': 5, '=': 121}
STEP 960000 SMART_X {'O': 0, 'X': 977, '=': 23}
STEP 960000 SMART_OX 460871235 WINNER =
STEP 970000 SMART_O {'O': 837, 'X': 22, '=': 141}
STEP 970000 SMART_X {'O': 0, 'X': 979, '=': 21}
STEP 970000 SMART_OX 467108235 WINNER =
STEP 980000 SMART_O {'O': 881, 'X': 17, '=': 102}
STEP 980000 SMART_X {'O': 0, 'X': 986, '=': 14}
STEP 980000 SMART_OX 463580127 WINNER =
STEP 990000 SMART_O {'O': 881, 'X': 22, '=': 97}
STEP 990000 SMART_X {'O': 0, 'X': 966, '=': 34}
STEP 990000 SMART_OX 842531706 WINNER =
