TOTAL 0 ROUND PLAYED
STEP 0 SMART_O {'O': 910, 'X': 6, '=': 84}
STEP 0 SMART_X {'O': 0, 'X': 973, '=': 27}
STEP 0 SMART_OX 401762835 WINNER =
STEP 10000 SMART_O {'O': 782, 'X': 21, '=': 197}
STEP 10000 SMART_X {'O': 0, 'X': 977, '=': 23}
STEP 10000 SMART_OX 4108623 WINNER X
---+---+----
 X | O | O |
---+---+----
 X | X |   |
---+---+----
 X |   | O |
---+---+----
-------------------------------
STEP 20000 SMART_O {'O': 884, 'X': 8, '=': 108}
STEP 20000 SMART_X {'O': 0, 'X': 979, '=': 21}
STEP 20000 SMART_OX 402635817 WINNER =
STEP 30000 SMART_O {'O': 877, 'X': 10, '=': 113}
STEP 30000 SMART_X {'O': 0, 'X': 979, '=': 21}
STEP 30000 SMART_OX 401762835 WINNER =
STEP 40000 SMART_O {'O': 905, 'X': 4, '=': 91}
STEP 40000 SMART_X {'O': 0, 'X': 979, '=': 21}
STEP 40000 SMART_OX 405362187 WINNER =
STEP 50000 SMART_O {'O': 840, 'X': 16, '=': 144}
STEP 50000 SMART_X {'O': 0, 'X': 978, '=': 22}
STEP 50000 SMART_OX 401735826 WINNER =
STEP 60000 SMART_O {'O': 875, 'X': 7, '=': 118}
STEP 60000 SMART_X {'O': 0, 'X': 973, '=': 27}
STEP 60000 SMART_OX 042173586 WINNER =
STEP 70000 SMART_O {'O': 856, 'X': 33, '=': 111}
STEP 70000 SMART_X {'O': 0, 'X': 980, '=': 20}
STEP 70000 SMART_OX 4108623 WINNER X
---+---+----
 X | O | O |
---+---+----
 X | X |   |
---+---+----
 X |   | O |
---+---+----
-------------------------------
STEP 80000 SMART_O {'O': 731, 'X': 20, '=': 249}
STEP 80000 SMART_X {'O': 21, 'X': 957, '=': 22}
STEP 80000 SMART_OX 416230 WINNER O
---+---+----
 O | O | O |
---+---+----
 X | X |   |
---+---+----
 X |   |   |
---+---+----
-------------------------------
STEP 90000 SMART_O {'O': 878, 'X': 1, '=': 121}
STEP 90000 SMART_X {'O': 0, 'X': 986, '=': 14}
STEP 90000 SMART_OX 402635817 WINNER =
STEP 100000 SMART_O {'O': 898, 'X': 18, '=': 84}
STEP 100000 SMART_X {'O': 0, 'X': 982, '=': 18}
STEP 100000 SMART_OX 402635817 WINNER =
STEP 110000 SMART_O {'O': 841, 'X': 38, '=': 121}
STEP 110000 SMART_X {'O': 0, 'X': 975, '=': 25}
STEP 110000 SMART_OX 4108623 WINNER X
---+---+----
 X | O | O |
---+---+----
 X | X |   |
---+---+----
 X |   | O |
---+---+----
-------------------------------
STEP 120000 SMART_O {'O': 875, 'X': 12, '=': 113}
STEP 120000 SMART_X {'O': 0, 'X': 983, '=': 17}
STEP 120000 SMART_OX 4108365 WINNER X
---+---+----
 X | O |   |
---+---+----
 X | X | X |
---+---+----
 O |   | O |
---+---+----
-------------------------------
STEP 130000 SMART_O {'O': 893, 'X': 17, '=': 90}
STEP 130000 SMART_X {'O': 0, 'X': 975, '=': 25}
STEP 130000 SMART_OX 401762835 WINNER =
STEP 140000 SMART_O {'O': 828, 'X': 60, '=': 112}
STEP 140000 SMART_X {'O': 0, 'X': 984, '=': 16}
STEP 140000 SMART_OX 4108652 WINNER X
---+---+----
 X | O | X |
---+---+----
   | X | O |
---+---+----
 X |   | O |
---+---+----
-------------------------------
STEP 150000 SMART_O {'O': 896, 'X': 19, '=': 85}
STEP 150000 SMART_X {'O': 0, 'X': 982, '=': 18}
STEP 150000 SMART_OX 4108365 WINNER X
---+---+----
 X | O |   |
---+---+----
 X | X | X |
---+---+----
 O |   | O |
---+---+----
-------------------------------
STEP 160000 SMART_O {'O': 867, 'X': 31, '=': 102}
STEP 160000 SMART_X {'O': 0, 'X': 978, '=': 22}
STEP 160000 SMART_OX 405362187 WINNER =
STEP 170000 SMART_O {'O': 921, 'X': 3, '=': 76}
STEP 170000 SMART_X {'O': 0, 'X': 957, '=': 43}
STEP 170000 SMART_OX 402635817 WINNER =
STEP 180000 SMART_O {'O': 846, 'X': 40, '=': 114}
STEP 180000 SMART_X {'O': 0, 'X': 978, '=': 22}
STEP 180000 SMART_OX 4162058 WINNER X
---+---+----
 X | O | O |
---+---+----
   | X | O |
---+---+----
 X |   | X |
---+---+----
-------------------------------
STEP 190000 SMART_O {'O': 872, 'X': 46, '=': 82}
STEP 190000 SMART_X {'O': 0, 'X': 976, '=': 24}
STEP 190000 SMART_OX 4108632 WINNER X
---+---+----
 X | O | X |
---+---+----
 O | X |   |
---+---+----
 X |   | O |
---+---+----
-------------------------------
STEP 200000 SMART_O {'O': 839, 'X': 51, '=': 110}
STEP 200000 SMART_X {'O': 0, 'X': 973, '=': 27}
STEP 200000 SMART_OX 4108623 WINNER X
---+---+----
 X | O | O |
---+---+----
 X | X |   |
---+---+----
 X |   | O |
---+---+----
-------------------------------
STEP 210000 SMART_O {'O': 878, 'X': 20, '=': 102}
STEP 210000 SMART_X {'O': 0, 'X': 983, '=': 17}
STEP 210000 SMART_OX 4162058 WINNER X
---+---+----
 X | O | O |
---+---+----
   | X | O |
---+---+----
 X |   | X |
---+---+----
-------------------------------
STEP 220000 SMART_O {'O': 883, 'X': 18, '=': 99}
STEP 220000 SMART_X {'O': 0, 'X': 983, '=': 17}
STEP 220000 SMART_OX 401762835 WINNER =
STEP 230000 SMART_O {'O': 837, 'X': 25, '=': 138}
STEP 230000 SMART_X {'O': 0, 'X': 986, '=': 14}
STEP 230000 SMART_OX 4108623 WINNER X
---+---+----
 X | O | O |
---+---+----
 X | X |   |
---+---+----
 X |   | O |
---+---+----
-------------------------------
STEP 240000 SMART_O {'O': 893, 'X': 45, '=': 62}
STEP 240000 SMART_X {'O': 18, 'X': 982, '=': 0}
STEP 240000 SMART_OX 4108632 WINNER X
---+---+----
 X | O | X |
---+---+----
 O | X |   |
---+---+----
 X |   | O |
---+---+----
-------------------------------
STEP 250000 SMART_O {'O': 833, 'X': 36, '=': 131}
STEP 250000 SMART_X {'O': 24, 'X': 976, '=': 0}
STEP 250000 SMART_OX 4108356 WINNER X
---+---+----
 X | O |   |
---+---+----
 X | X | O |
---+---+----
 X |   | O |
---+---+----
-------------------------------
STEP 260000 SMART_O {'O': 852, 'X': 25, '=': 123}
STEP 260000 SMART_X {'O': 0, 'X': 975, '=': 25}
STEP 260000 SMART_OX 401762835 WINNER =
STEP 270000 SMART_O {'O': 899, 'X': 16, '=': 85}
STEP 270000 SMART_X {'O': 0, 'X': 979, '=': 21}
STEP 270000 SMART_OX 40167 WINNER X
---+---+----
 O | X |   |
---+---+----
   | X |   |
---+---+----
 O | X |   |
---+---+----
-------------------------------
STEP 280000 SMART_O {'O': 874, 'X': 12, '=': 114}
STEP 280000 SMART_X {'O': 0, 'X': 987, '=': 13}
STEP 280000 SMART_OX 401762835 WINNER =
STEP 290000 SMART_O {'O': 866, 'X': 12, '=': 122}
STEP 290000 SMART_X {'O': 0, 'X': 968, '=': 32}
STEP 290000 SMART_OX 405362187 WINNER =
STEP 300000 SMART_O {'O': 902, 'X': 30, '=': 68}
STEP 300000 SMART_X {'O': 0, 'X': 971, '=': 29}
STEP 300000 SMART_OX 402635817 WINNER =
STEP 310000 SMART_O {'O': 844, 'X': 13, '=': 143}
STEP 310000 SMART_X {'O': 0, 'X': 976, '=': 24}
STEP 310000 SMART_OX 082136745 WINNER =
STEP 320000 SMART_O {'O': 881, 'X': 11, '=': 108}
STEP 320000 SMART_X {'O': 0, 'X': 985, '=': 15}
STEP 320000 SMART_OX 401735826 WINNER =
STEP 330000 SMART_O {'O': 890, 'X': 43, '=': 67}
STEP 330000 SMART_X {'O': 0, 'X': 977, '=': 23}
STEP 330000 SMART_OX 402635817 WINNER =
STEP 340000 SMART_O {'O': 839, 'X': 25, '=': 136}
STEP 340000 SMART_X {'O': 0, 'X': 957, '=': 43}
STEP 340000 SMART_OX 413526087 WINNER =
STEP 350000 SMART_O {'O': 789, 'X': 44, '=': 167}
STEP 350000 SMART_X {'O': 0, 'X': 983, '=': 17}
STEP 350000 SMART_OX 4108623 WINNER X
---+---+----
 X | O | O |
---+---+----
 X | X |   |
---+---+----
 X |   | O |
---+---+----
-------------------------------
STEP 360000 SMART_O {'O': 866, 'X': 36, '=': 98}
STEP 360000 SMART_X {'O': 0, 'X': 978, '=': 22}
STEP 360000 SMART_OX 4108623 WINNER X
---+---+----
 X | O | O |
---+---+----
 X | X |   |
---+---+----
 X |   | O |
---+---+----
-------------------------------
STEP 370000 SMART_O {'O': 862, 'X': 18, '=': 120}
STEP 370000 SMART_X {'O': 0, 'X': 985, '=': 15}
STEP 370000 SMART_OX 4162038 WINNER X
---+---+----
 X | O | O |
---+---+----
 O | X |   |
---+---+----
 X |   | X |
---+---+----
-------------------------------
STEP 380000 SMART_O {'O': 917, 'X': 0, '=': 83}
STEP 380000 SMART_X {'O': 0, 'X': 985, '=': 15}
STEP 380000 SMART_OX 402635817 WINNER =
STEP 390000 SMART_O {'O': 875, 'X': 16, '=': 109}
STEP 390000 SMART_X {'O': 0, 'X': 981, '=': 19}
STEP 390000 SMART_OX 402635817 WINNER =
STEP 400000 SMART_O {'O': 759, 'X': 15, '=': 226}
STEP 400000 SMART_X {'O': 0, 'X': 978, '=': 22}
STEP 400000 SMART_OX 401762835 WINNER =
STEP 410000 SMART_O {'O': 845, 'X': 31, '=': 124}
STEP 410000 SMART_X {'O': 0, 'X': 979, '=': 21}
STEP 410000 SMART_OX 40513 WINNER X
---+---+----
 O | O |   |
---+---+----
 X | X | X |
---+---+----
   |   |   |
---+---+----
-------------------------------
STEP 420000 SMART_O {'O': 893, 'X': 30, '=': 77}
STEP 420000 SMART_X {'O': 0, 'X': 984, '=': 16}
STEP 420000 SMART_OX 402635817 WINNER =
STEP 430000 SMART_O {'O': 882, 'X': 4, '=': 114}
STEP 430000 SMART_X {'O': 0, 'X': 978, '=': 22}
STEP 430000 SMART_OX 402635817 WINNER =
STEP 440000 SMART_O {'O': 868, 'X': 26, '=': 106}
STEP 440000 SMART_X {'O': 0, 'X': 980, '=': 20}
STEP 440000 SMART_OX 4108356 WINNER X
---+---+----
 X | O |   |
---+---+----
 X | X | O |
---+---+----
 X |   | O |
---+---+----
-------------------------------
STEP 450000 SMART_O {'O': 868, 'X': 22, '=': 110}
STEP 450000 SMART_X {'O': 0, 'X': 967, '=': 33}
STEP 450000 SMART_OX 401762835 WINNER =
STEP 460000 SMART_O {'O': 862, 'X': 15, '=': 123}
STEP 460000 SMART_X {'O': 0, 'X': 973, '=': 27}
STEP 460000 SMART_OX 402635817 WINNER =
STEP 470000 SMART_O {'O': 833, 'X': 35, '=': 132}
STEP 470000 SMART_X {'O': 0, 'X': 978, '=': 22}
STEP 470000 SMART_OX 401762835 WINNER =
STEP 480000 SMART_O {'O': 780, 'X': 22, '=': 198}
STEP 480000 SMART_X {'O': 0, 'X': 983, '=': 17}
STEP 480000 SMART_OX 401762835 WINNER =
STEP 490000 SMART_O {'O': 832, 'X': 22, '=': 146}
STEP 490000 SMART_X {'O': 0, 'X': 987, '=': 13}
STEP 490000 SMART_OX 4108672 WINNER X
---+---+----
 X | O | X |
---+---+----
   | X |   |
---+---+----
 X | O | O |
---+---+----
-------------------------------
STEP 500000 SMART_O {'O': 879, 'X': 24, '=': 97}
STEP 500000 SMART_X {'O': 0, 'X': 980, '=': 20}
STEP 500000 SMART_OX 405362187 WINNER =
STEP 510000 SMART_O {'O': 922, 'X': 25, '=': 53}
STEP 510000 SMART_X {'O': 0, 'X': 981, '=': 19}
STEP 510000 SMART_OX 4108325 WINNER X
---+---+----
 X | O | O |
---+---+----
 X | X | X |
---+---+----
   |   | O |
---+---+----
-------------------------------
STEP 520000 SMART_O {'O': 864, 'X': 0, '=': 136}
STEP 520000 SMART_X {'O': 0, 'X': 977, '=': 23}
STEP 520000 SMART_OX 401735826 WINNER =
STEP 530000 SMART_O {'O': 828, 'X': 27, '=': 145}
STEP 530000 SMART_X {'O': 0, 'X': 984, '=': 16}
STEP 530000 SMART_OX 405362187 WINNER =
STEP 540000 SMART_O {'O': 875, 'X': 21, '=': 104}
STEP 540000 SMART_X {'O': 0, 'X': 980, '=': 20}
STEP 540000 SMART_OX 401762835 WINNER =
STEP 550000 SMART_O {'O': 864, 'X': 50, '=': 86}
STEP 550000 SMART_X {'O': 0, 'X': 976, '=': 24}
STEP 550000 SMART_OX 401762835 WINNER =
STEP 560000 SMART_O {'O': 834, 'X': 12, '=': 154}
STEP 560000 SMART_X {'O': 0, 'X': 982, '=': 18}
STEP 560000 SMART_OX 4108623 WINNER X
---+---+----
 X | O | O |
---+---+----
 X | X |   |
---+---+----
 X |   | O |
---+---+----
-------------------------------
STEP 570000 SMART_O {'O': 875, 'X': 16, '=': 109}
STEP 570000 SMART_X {'O': 0, 'X': 986, '=': 14}
STEP 570000 SMART_OX 405362187 WINNER =
STEP 580000 SMART_O {'O': 864, 'X': 37, '=': 99}
STEP 580000 SMART_X {'O': 0, 'X': 962, '=': 38}
STEP 580000 SMART_OX 402635817 WINNER =
STEP 590000 SMART_O {'O': 849, 'X': 25, '=': 126}
STEP 590000 SMART_X {'O': 0, 'X': 983, '=': 17}
STEP 590000 SMART_OX 401762835 WINNER =
STEP 600000 SMART_O {'O': 842, 'X': 25, '=': 133}
STEP 600000 SMART_X {'O': 0, 'X': 983, '=': 17}
STEP 600000 SMART_OX 40167 WINNER X
---+---+----
 O | X |   |
---+---+----
   | X |   |
---+---+----
 O | X |   |
---+---+----
-------------------------------
STEP 610000 SMART_O {'O': 844, 'X': 7, '=': 149}
STEP 610000 SMART_X {'O': 0, 'X': 982, '=': 18}
STEP 610000 SMART_OX 402635817 WINNER =
STEP 620000 SMART_O {'O': 780, 'X': 32, '=': 188}
STEP 620000 SMART_X {'O': 0, 'X': 972, '=': 28}
STEP 620000 SMART_OX 4108652 WINNER X
---+---+----
 X | O | X |
---+---+----
   | X | O |
---+---+----
 X |   | O |
---+---+----
-------------------------------
STEP 630000 SMART_O {'O': 874, 'X': 28, '=': 98}
STEP 630000 SMART_X {'O': 0, 'X': 947, '=': 53}
STEP 630000 SMART_OX 402635817 WINNER =
STEP 640000 SMART_O {'O': 837, 'X': 32, '=': 131}
STEP 640000 SMART_X {'O': 0, 'X': 979, '=': 21}
STEP 640000 SMART_OX 401762835 WINNER =
STEP 650000 SMART_O {'O': 851, 'X': 21, '=': 128}
STEP 650000 SMART_X {'O': 0, 'X': 983, '=': 17}
STEP 650000 SMART_OX 042173586 WINNER =
STEP 660000 SMART_O {'O': 860, 'X': 12, '=': 128}
STEP 660000 SMART_X {'O': 0, 'X': 979, '=': 21}
STEP 660000 SMART_OX 402635817 WINNER =
STEP 670000 SMART_O {'O': 874, 'X': 13, '=': 113}
STEP 670000 SMART_X {'O': 0, 'X': 980, '=': 20}
STEP 670000 SMART_OX 401762835 WINNER =
STEP 680000 SMART_O {'O': 917, 'X': 3, '=': 80}
STEP 680000 SMART_X {'O': 0, 'X': 974, '=': 26}
STEP 680000 SMART_OX 402635817 WINNER =
STEP 690000 SMART_O {'O': 917, 'X': 8, '=': 75}
STEP 690000 SMART_X {'O': 0, 'X': 982, '=': 18}
STEP 690000 SMART_OX 4135086 WINNER X
---+---+----
 X | O |   |
---+---+----
 X | X | O |
---+---+----
 X |   | O |
---+---+----
-------------------------------
STEP 700000 SMART_O {'O': 781, 'X': 25, '=': 194}
STEP 700000 SMART_X {'O': 0, 'X': 979, '=': 21}
STEP 700000 SMART_OX 402635817 WINNER =
STEP 710000 SMART_O {'O': 836, 'X': 27, '=': 137}
STEP 710000 SMART_X {'O': 0, 'X': 972, '=': 28}
STEP 710000 SMART_OX 4108325 WINNER X
---+---+----
 X | O | O |
---+---+----
 X | X | X |
---+---+----
   |   | O |
---+---+----
-------------------------------
STEP 720000 SMART_O {'O': 905, 'X': 33, '=': 62}
STEP 720000 SMART_X {'O': 0, 'X': 974, '=': 26}
STEP 720000 SMART_OX 402635817 WINNER =
STEP 730000 SMART_O {'O': 887, 'X': 0, '=': 113}
STEP 730000 SMART_X {'O': 0, 'X': 969, '=': 31}
STEP 730000 SMART_OX 401735826 WINNER =
STEP 740000 SMART_O {'O': 867, 'X': 8, '=': 125}
STEP 740000 SMART_X {'O': 0, 'X': 979, '=': 21}
STEP 740000 SMART_OX 401762835 WINNER =
STEP 750000 SMART_O {'O': 861, 'X': 25, '=': 114}
STEP 750000 SMART_X {'O': 1, 'X': 960, '=': 39}
STEP 750000 SMART_OX 042173586 WINNER =
STEP 760000 SMART_O {'O': 822, 'X': 25, '=': 153}
STEP 760000 SMART_X {'O': 0, 'X': 984, '=': 16}
STEP 760000 SMART_OX 402635817 WINNER =
STEP 770000 SMART_O {'O': 874, 'X': 27, '=': 99}
STEP 770000 SMART_X {'O': 0, 'X': 981, '=': 19}
STEP 770000 SMART_OX 4108652 WINNER X
---+---+----
 X | O | X |
---+---+----
   | X | O |
---+---+----
 X |   | O |
---+---+----
-------------------------------
STEP 780000 SMART_O {'O': 883, 'X': 9, '=': 108}
STEP 780000 SMART_X {'O': 0, 'X': 979, '=': 21}
STEP 780000 SMART_OX 405362187 WINNER =
STEP 790000 SMART_O {'O': 847, 'X': 45, '=': 108}
STEP 790000 SMART_X {'O': 0, 'X': 949, '=': 51}
STEP 790000 SMART_OX 410853267 WINNER =
STEP 800000 SMART_O {'O': 835, 'X': 17, '=': 148}
STEP 800000 SMART_X {'O': 0, 'X': 974, '=': 26}
STEP 800000 SMART_OX 402635817 WINNER =
STEP 810000 SMART_O {'O': 865, 'X': 39, '=': 96}
STEP 810000 SMART_X {'O': 0, 'X': 977, '=': 23}
STEP 810000 SMART_OX 4108623 WINNER X
---+---+----
 X | O | O |
---+---+----
 X | X |   |
---+---+----
 X |   | O |
---+---+----
-------------------------------
STEP 820000 SMART_O {'O': 846, 'X': 22, '=': 132}
STEP 820000 SMART_X {'O': 0, 'X': 975, '=': 25}
STEP 820000 SMART_OX 401735826 WINNER =
STEP 830000 SMART_O {'O': 870, 'X': 14, '=': 116}
STEP 830000 SMART_X {'O': 0, 'X': 979, '=': 21}
STEP 830000 SMART_OX 402635817 WINNER =
STEP 840000 SMART_O {'O': 847, 'X': 29, '=': 124}
STEP 840000 SMART_X {'O': 0, 'X': 980, '=': 20}
STEP 840000 SMART_OX 402635817 WINNER =
STEP 850000 SMART_O {'O': 886, 'X': 27, '=': 87}
STEP 850000 SMART_X {'O': 0, 'X': 978, '=': 22}
STEP 850000 SMART_OX 042173586 WINNER =
STEP 860000 SMART_O {'O': 844, 'X': 42, '=': 114}
STEP 860000 SMART_X {'O': 0, 'X': 979, '=': 21}
STEP 860000 SMART_OX 401753682 WINNER =
STEP 870000 SMART_O {'O': 851, 'X': 33, '=': 116}
STEP 870000 SMART_X {'O': 0, 'X': 974, '=': 26}
STEP 870000 SMART_OX 405362187 WINNER =
STEP 880000 SMART_O {'O': 885, 'X': 4, '=': 111}
STEP 880000 SMART_X {'O': 0, 'X': 997, '=': 3}
STEP 880000 SMART_OX 041263587 WINNER =
STEP 890000 SMART_O {'O': 885, 'X': 12, '=': 103}
STEP 890000 SMART_X {'O': 0, 'X': 972, '=': 28}
STEP 890000 SMART_OX 4108375 WINNER X
---+---+----
 X | O |   |
---+---+----
 X | X | X |
---+---+----
   | O | O |
---+---+----
-------------------------------
STEP 900000 SMART_O {'O': 845, 'X': 34, '=': 121}
STEP 900000 SMART_X {'O': 0, 'X': 982, '=': 18}
STEP 900000 SMART_OX 4108652 WINNER X
---+---+----
 X | O | X |
---+---+----
   | X | O |
---+---+----
 X |   | O |
---+---+----
-------------------------------
STEP 910000 SMART_O {'O': 877, 'X': 0, '=': 123}
STEP 910000 SMART_X {'O': 0, 'X': 948, '=': 52}
STEP 910000 SMART_OX 401762835 WINNER =
STEP 920000 SMART_O {'O': 855, 'X': 2, '=': 143}
STEP 920000 SMART_X {'O': 0, 'X': 982, '=': 18}
STEP 920000 SMART_OX 401762835 WINNER =
STEP 930000 SMART_O {'O': 931, 'X': 0, '=': 69}
STEP 930000 SMART_X {'O': 0, 'X': 947, '=': 53}
STEP 930000 SMART_OX 402635817 WINNER =
STEP 940000 SMART_O {'O': 868, 'X': 10, '=': 122}
STEP 940000 SMART_X {'O': 0, 'X': 974, '=': 26}
STEP 940000 SMART_OX 4108356 WINNER X
---+---+----
 X | O |   |
---+---+----
 X | X | O |
---+---+----
 X |   | O |
---+---+----
-------------------------------
STEP 950000 SMART_O {'O': 859, 'X': 20, '=': 121}
STEP 950000 SMART_X {'O': 0, 'X': 978, '=': 22}
STEP 950000 SMART_OX 401762835 WINNER =
STEP 960000 SMART_O {'O': 903, 'X': 0, '=': 97}
STEP 960000 SMART_X {'O': 0, 'X': 973, '=': 27}
STEP 960000 SMART_OX 402635817 WINNER =
STEP 970000 SMART_O {'O': 850, 'X': 13, '=': 137}
STEP 970000 SMART_X {'O': 0, 'X': 980, '=': 20}
STEP 970000 SMART_OX 4108325 WINNER X
---+---+----
 X | O | O |
---+---+----
 X | X | X |
---+---+----
   |   | O |
---+---+----
-------------------------------
STEP 980000 SMART_O {'O': 865, 'X': 24, '=': 111}
STEP 980000 SMART_X {'O': 0, 'X': 978, '=': 22}
STEP 980000 SMART_OX 4108365 WINNER X
---+---+----
 X | O |   |
---+---+----
 X | X | X |
---+---+----
 O |   | O |
---+---+----
-------------------------------
STEP 990000 SMART_O {'O': 849, 'X': 21, '=': 130}
STEP 990000 SMART_X {'O': 0, 'X': 984, '=': 16}
STEP 990000 SMART_OX 402635817 WINNER =
